0 info it worked if it ends with ok
1 verbose cli [ 'node',
1 verbose cli   '/usr/local/bin/npm',
1 verbose cli   'install',
1 verbose cli   'angular-google-maps',
1 verbose cli   '--save' ]
2 info using npm@2.3.0
3 info using node@v0.10.35
4 verbose node symlink /usr/local/bin/node
5 warn package.json mootrendFrontend@0.0.0 No description
6 warn package.json mootrendFrontend@0.0.0 No repository field.
7 warn package.json mootrendFrontend@0.0.0 No README data
8 silly cache add args [ 'angular-google-maps', null ]
9 verbose cache add spec angular-google-maps
10 silly cache add parsed spec { raw: 'angular-google-maps',
10 silly cache add   scope: null,
10 silly cache add   name: 'angular-google-maps',
10 silly cache add   rawSpec: '',
10 silly cache add   spec: '*',
10 silly cache add   type: 'range' }
11 verbose addNamed angular-google-maps@*
12 silly addNamed semver.valid null
13 silly addNamed semver.validRange *
14 silly addNameRange { name: 'angular-google-maps', range: '*', hasData: false }
15 silly mapToRegistry name angular-google-maps
16 silly mapToRegistry using default registry
17 silly mapToRegistry registry https://registry.npmjs.org/
18 silly mapToRegistry uri https://registry.npmjs.org/angular-google-maps
19 verbose addNameRange registry:https://registry.npmjs.org/angular-google-maps not in flight; fetching
20 verbose request uri https://registry.npmjs.org/angular-google-maps
21 verbose request no auth needed
22 info attempt registry request try #1 at 17:47:18
23 verbose request id aa71319b5c9408ac
24 http request GET https://registry.npmjs.org/angular-google-maps
25 http 200 https://registry.npmjs.org/angular-google-maps
26 silly get cb [ 200,
26 silly get   { date: 'Sat, 21 Feb 2015 15:47:19 GMT',
26 silly get     server: 'CouchDB/1.5.0 (Erlang OTP/R16B03)',
26 silly get     etag: '"EON65BGREUCDEBYA5D5STWDT1"',
26 silly get     'content-type': 'application/json',
26 silly get     'cache-control': 'max-age=60',
26 silly get     'content-length': '10166',
26 silly get     'accept-ranges': 'bytes',
26 silly get     via: '1.1 varnish',
26 silly get     age: '0',
26 silly get     'x-served-by': 'cache-ams4134-AMS',
26 silly get     'x-cache': 'MISS',
26 silly get     'x-cache-hits': '0',
26 silly get     'x-timer': 'S1424533638.682260,VS0,VE656',
26 silly get     vary: 'Accept',
26 silly get     'keep-alive': 'timeout=10, max=50',
26 silly get     connection: 'Keep-Alive' } ]
27 silly addNameRange number 2 { name: 'angular-google-maps', range: '*', hasData: true }
28 silly addNameRange versions [ 'angular-google-maps', [ '2.0.12' ] ]
29 verbose addNamed angular-google-maps@2.0.12
30 silly addNamed semver.valid 2.0.12
31 silly addNamed semver.validRange 2.0.12
32 silly mapToRegistry name angular-google-maps
33 silly mapToRegistry using default registry
34 silly mapToRegistry registry https://registry.npmjs.org/
35 silly mapToRegistry uri https://registry.npmjs.org/angular-google-maps
36 verbose addRemoteTarball https://registry.npmjs.org/angular-google-maps/-/angular-google-maps-2.0.12.tgz not in flight; adding
37 verbose addRemoteTarball [ 'https://registry.npmjs.org/angular-google-maps/-/angular-google-maps-2.0.12.tgz',
37 verbose addRemoteTarball   'd18828d5bac40e576b959c911b5426be33586aa6' ]
38 info retry fetch attempt 1 at 17:47:19
39 info attempt registry request try #1 at 17:47:19
40 http fetch GET https://registry.npmjs.org/angular-google-maps/-/angular-google-maps-2.0.12.tgz
41 http fetch 200 https://registry.npmjs.org/angular-google-maps/-/angular-google-maps-2.0.12.tgz
42 silly fetchAndShaCheck shasum d18828d5bac40e576b959c911b5426be33586aa6
43 verbose addTmpTarball /var/folders/9d/9kcqhqz14436qtyh99rjb8n80000gn/T/npm-37047-15113bfb/registry.npmjs.org/angular-google-maps/-/angular-google-maps-2.0.12.tgz not in flight; adding
44 verbose addTmpTarball already have metadata; skipping unpack for angular-google-maps@2.0.12
45 silly cache afterAdd angular-google-maps@2.0.12
46 verbose afterAdd /Users/ihorkroosh/.npm/angular-google-maps/2.0.12/package/package.json not in flight; writing
47 verbose afterAdd /Users/ihorkroosh/.npm/angular-google-maps/2.0.12/package/package.json written
48 silly install resolved [ { name: 'angular-google-maps',
48 silly install resolved     version: '2.0.12',
48 silly install resolved     description: 'AngularJS directives for Google Maps',
48 silly install resolved     repository:
48 silly install resolved      { type: 'git',
48 silly install resolved        url: 'https://github.com/angular-ui/angular-google-maps.git' },
48 silly install resolved     scripts:
48 silly install resolved      { build: 'grunt',
48 silly install resolved        example: 'grunt example',
48 silly install resolved        test: 'grunt',
48 silly install resolved        postinstall: 'bower install && grunt curl' },
48 silly install resolved     keywords: [ 'angularjs', 'googlemaps', 'directives', 'webcomponent' ],
48 silly install resolved     main: 'dist/angular-google-maps.js',
48 silly install resolved     license: 'MIT',
48 silly install resolved     devDependencies:
48 silly install resolved      { bower: '~1.3.12',
48 silly install resolved        'data-structures': '^1.4.2',
48 silly install resolved        grunt: '~0.4.5',
48 silly install resolved        'grunt-bump': '0.0.16',
48 silly install resolved        'grunt-cli': '~0.1.13',
48 silly install resolved        'grunt-contrib-clean': '~0.6.0',
48 silly install resolved        'grunt-contrib-coffee': '~0.12.0',
48 silly install resolved        'grunt-contrib-compress': '~0.12.0',
48 silly install resolved        'grunt-contrib-concat': '~0.5.0',
48 silly install resolved        'grunt-contrib-connect': '~0.8.0',
48 silly install resolved        'grunt-contrib-copy': '~0.6.0',
48 silly install resolved        'grunt-contrib-jasmine': '~0.8.0',
48 silly install resolved        'grunt-contrib-jshint': '~0.10.0',
48 silly install resolved        'grunt-contrib-uglify': '~0.6.0',
48 silly install resolved        'grunt-contrib-watch': '~0.6.1',
48 silly install resolved        'grunt-conventional-changelog': '~1.1.0',
48 silly install resolved        'grunt-curl': '^2.0.3',
48 silly install resolved        'grunt-debug-task': '^0.1.5',
48 silly install resolved        'grunt-mkdir': '~0.1.2',
48 silly install resolved        'grunt-open': '~0.2.3',
48 silly install resolved        'grunt-replace': '^0.7.9',
48 silly install resolved        'grunt-subgrunt': '^0.4.1',
48 silly install resolved        'grunt-template-jasmine-istanbul': '~0.3.0',
48 silly install resolved        'grunt-template-jasmine-requirejs': '~0.2.0',
48 silly install resolved        'grunt-verbosity': '^0.2.2',
48 silly install resolved        'grunt-webpack': '^1.0.8',
48 silly install resolved        'grunt-wrap': '^0.3.0',
48 silly install resolved        jsonfile: '^2.0.0',
48 silly install resolved        lodash: '~2.4.1',
48 silly install resolved        mocha: '~1.21.4',
48 silly install resolved        should: '~4.0.4',
48 silly install resolved        webpack: '^1.4.13',
48 silly install resolved        'webpack-dev-server': '^1.6.6' },
48 silly install resolved     gitHead: 'b268a244a9c4ddc7b72db3709c3d12d563fcceb9',
48 silly install resolved     bugs: { url: 'https://github.com/angular-ui/angular-google-maps/issues' },
48 silly install resolved     homepage: 'https://github.com/angular-ui/angular-google-maps',
48 silly install resolved     _id: 'angular-google-maps@2.0.12',
48 silly install resolved     _shasum: 'd18828d5bac40e576b959c911b5426be33586aa6',
48 silly install resolved     _from: 'angular-google-maps@*',
48 silly install resolved     _npmVersion: '2.1.10',
48 silly install resolved     _nodeVersion: '0.10.31',
48 silly install resolved     _npmUser: { name: 'nmccready', email: 'nemtcan@gmail.com' },
48 silly install resolved     maintainers: [ [Object] ],
48 silly install resolved     dist:
48 silly install resolved      { shasum: 'd18828d5bac40e576b959c911b5426be33586aa6',
48 silly install resolved        tarball: 'http://registry.npmjs.org/angular-google-maps/-/angular-google-maps-2.0.12.tgz' },
48 silly install resolved     directories: {},
48 silly install resolved     _resolved: 'https://registry.npmjs.org/angular-google-maps/-/angular-google-maps-2.0.12.tgz' } ]
49 info install angular-google-maps@2.0.12 into /Users/ihorkroosh/Projects/python/mootrend-frontend
50 info installOne angular-google-maps@2.0.12
51 verbose installOne of angular-google-maps to /Users/ihorkroosh/Projects/python/mootrend-frontend not in flight; installing
52 verbose lock using /Users/ihorkroosh/.npm/_locks/angular-google-maps-a27e1e4e73edcc9b.lock for /Users/ihorkroosh/Projects/python/mootrend-frontend/node_modules/angular-google-maps
53 silly install write writing angular-google-maps 2.0.12 to /Users/ihorkroosh/Projects/python/mootrend-frontend/node_modules/angular-google-maps
54 silly cache addNamed cb angular-google-maps@2.0.12
55 verbose unbuild node_modules/angular-google-maps
56 verbose gentlyRm vacuuming /Users/ihorkroosh/Projects/python/mootrend-frontend/node_modules/angular-google-maps
57 verbose tar unpack /Users/ihorkroosh/.npm/angular-google-maps/2.0.12/package.tgz
58 verbose tar unpacking to /Users/ihorkroosh/Projects/python/mootrend-frontend/node_modules/angular-google-maps
59 verbose gentlyRm vacuuming /Users/ihorkroosh/Projects/python/mootrend-frontend/node_modules/angular-google-maps
60 silly gunzTarPerm modes [ '755', '644' ]
61 silly gunzTarPerm extractEntry package.json
62 silly gunzTarPerm modified mode [ 'package.json', 436, 420 ]
63 silly gunzTarPerm extractEntry .npmignore
64 silly gunzTarPerm extractEntry clean
65 silly gunzTarPerm extractEntry .travis.yml
66 silly gunzTarPerm extractEntry Gruntfile.coffee
67 silly gunzTarPerm modified mode [ 'Gruntfile.coffee', 436, 420 ]
68 silly gunzTarPerm extractEntry README.markdown
69 silly gunzTarPerm extractEntry bower.json
70 silly gunzTarPerm modified mode [ 'bower.json', 436, 420 ]
71 silly gunzTarPerm extractEntry circle.yml
72 silly gunzTarPerm extractEntry coffeelint.json
73 silly gunzTarPerm extractEntry curl.json
74 silly gunzTarPerm extractEntry dist/angular-google-maps.js
75 silly gunzTarPerm modified mode [ 'dist/angular-google-maps.js', 436, 420 ]
76 silly gunzTarPerm extractEntry dist/angular-google-maps.min.js
77 silly gunzTarPerm modified mode [ 'dist/angular-google-maps.min.js', 436, 420 ]
78 silly gunzTarPerm extractEntry dist/angular-google-maps_dev_mapped.js
79 silly gunzTarPerm modified mode [ 'dist/angular-google-maps_dev_mapped.js', 436, 420 ]
80 silly gunzTarPerm extractEntry dist/angular-google-maps_dev_mapped.min.js
81 silly gunzTarPerm modified mode [ 'dist/angular-google-maps_dev_mapped.min.js', 436, 420 ]
82 silly gunzTarPerm extractEntry dist/angular-google-maps_dev_mapped.js.map
83 silly gunzTarPerm modified mode [ 'dist/angular-google-maps_dev_mapped.js.map', 436, 420 ]
84 silly gunzTarPerm extractEntry dist/angular-google-maps_dev_mapped.min.js.map
85 silly gunzTarPerm modified mode [ 'dist/angular-google-maps_dev_mapped.min.js.map', 436, 420 ]
86 silly gunzTarPerm extractEntry example/.npmignore
87 silly gunzTarPerm extractEntry example/two-maps.html
88 silly gunzTarPerm extractEntry example/dragzoom.html
89 silly gunzTarPerm extractEntry example/dynamic-map-height.html
90 silly gunzTarPerm extractEntry example/example.html
91 silly gunzTarPerm modified mode [ 'example/example.html', 436, 420 ]
92 silly gunzTarPerm extractEntry example/free-draw-polygons.html
93 silly gunzTarPerm extractEntry example/geojson.html
94 silly gunzTarPerm extractEntry example/hugedata.html
95 silly gunzTarPerm extractEntry example/issue-1009-promise-async.html
96 silly gunzTarPerm extractEntry example/issue-154-marker-fit.html
97 silly gunzTarPerm extractEntry example/issue-157-ng-click.html
98 silly gunzTarPerm extractEntry example/issue-322.html
99 silly gunzTarPerm extractEntry example/issue-354-window-windows-rerender-content.html
100 silly gunzTarPerm extractEntry example/issue-371-polygon-ng-repeat.html
101 silly gunzTarPerm extractEntry example/issue-382-window-windows-ng-show.html
102 silly gunzTarPerm extractEntry example/issue-393-cluster-events-mapped.html
103 silly gunzTarPerm extractEntry example/issue-432-markers-fit-clustering.html
104 silly gunzTarPerm extractEntry example/issue-482-markers-animation-clustering.html
105 silly gunzTarPerm extractEntry example/issue-482-markers-animation.html
106 silly gunzTarPerm extractEntry example/issue-484-markers-self.html
107 silly gunzTarPerm extractEntry example/issue-495-polyline-fit.html
108 silly gunzTarPerm extractEntry example/issue-498-marker-move-loaded.html
109 silly gunzTarPerm extractEntry example/issue-504-markers-flash.html
110 silly gunzTarPerm modified mode [ 'example/issue-504-markers-flash.html', 436, 420 ]
111 silly gunzTarPerm extractEntry example/issue-507-windows-show-w-marker-broken.html
112 silly gunzTarPerm extractEntry example/issue-522-polyline-no-paths.html
113 silly gunzTarPerm extractEntry example/issue-534-markers-child-destroy.html
114 silly gunzTarPerm extractEntry example/issue-538-window-plus1.html
115 silly gunzTarPerm extractEntry example/issue-545-marker-flash-clusterer.html
116 silly gunzTarPerm extractEntry example/issue-545-marker-flash.html
117 silly gunzTarPerm extractEntry example/issue-572-polylines-no-paths.html
118 silly gunzTarPerm extractEntry example/issue-621-owl-w-window.html
119 silly gunzTarPerm extractEntry example/assets/images/blue_marker.png
120 silly gunzTarPerm extractEntry example/assets/images/cluster1.png
121 silly gunzTarPerm extractEntry example/assets/images/plane.png
122 silly gunzTarPerm extractEntry example/assets/json/many_polygons.json
123 silly gunzTarPerm extractEntry example/assets/json/polylines.json
124 silly gunzTarPerm extractEntry example/assets/scripts/controllers/dragzoom.js
125 silly gunzTarPerm extractEntry example/assets/scripts/controllers/issue-545-marker-flash.js
126 silly gunzTarPerm extractEntry example/assets/scripts/controllers/issue-621-owl-w-window.js
127 silly gunzTarPerm extractEntry example/assets/scripts/controllers/issue-621-owl.js
128 silly gunzTarPerm extractEntry example/assets/scripts/controllers/issue-538-window-plus1.js
129 silly gunzTarPerm extractEntry example/assets/scripts/controllers/dynamic-map-height.js
130 silly gunzTarPerm extractEntry example/assets/scripts/controllers/issue-654-marker-events-break-after-added.js
131 silly gunzTarPerm extractEntry example/assets/scripts/controllers/issue-663-marker-events-once.js
132 silly gunzTarPerm extractEntry example/assets/scripts/controllers/issue-686-window-options.js
133 silly gunzTarPerm extractEntry example/assets/scripts/controllers/issue-725-polyline-dupes.js
134 silly gunzTarPerm extractEntry example/assets/scripts/controllers/issue-534-markers-child-destroy.js
135 silly gunzTarPerm extractEntry example/assets/scripts/controllers/issue-728-windows-angular-1_3.js
136 silly gunzTarPerm extractEntry example/assets/scripts/controllers/issue-522-polyline-no-paths.js
137 silly gunzTarPerm extractEntry example/assets/scripts/controllers/issue-74-markers-events.js
138 silly gunzTarPerm extractEntry example/assets/scripts/controllers/issue-507-windows-show-w-marker-broken.js
139 silly gunzTarPerm extractEntry example/assets/scripts/controllers/issue-751-783-marker-coords-undefined-dragg.js
140 silly gunzTarPerm extractEntry example/assets/scripts/controllers/issue-504-markers-flash.js
141 silly gunzTarPerm modified mode [ 'example/assets/scripts/controllers/issue-504-markers-flash.js',
141 silly gunzTarPerm   436,
141 silly gunzTarPerm   420 ]
142 silly gunzTarPerm extractEntry example/assets/scripts/controllers/issue-753-marker-not-watched.js
143 silly gunzTarPerm extractEntry example/assets/scripts/controllers/issue-498-marker-move-loaded.js
144 silly gunzTarPerm extractEntry example/assets/scripts/controllers/issue-755-ng-router.js
145 silly gunzTarPerm extractEntry example/assets/scripts/controllers/issue-495-polyline-fit.js
146 silly gunzTarPerm extractEntry example/assets/scripts/controllers/issue-772-info-window-show-state.js
147 silly gunzTarPerm extractEntry example/assets/scripts/controllers/issue-484-markers-self.js
148 silly gunzTarPerm extractEntry example/assets/scripts/controllers/issue-798-markerclusterer-perf.js
149 silly gunzTarPerm extractEntry example/assets/scripts/controllers/issue-482-markers-animation.js
150 silly gunzTarPerm extractEntry example/assets/scripts/controllers/issue-816-multiple-maps-marker.js
151 silly gunzTarPerm modified mode [ 'example/assets/scripts/controllers/issue-816-multiple-maps-marker.js',
151 silly gunzTarPerm   436,
151 silly gunzTarPerm   420 ]
152 silly gunzTarPerm extractEntry example/assets/scripts/controllers/issue-482-markers-animation-clustering.js
153 silly gunzTarPerm extractEntry example/assets/scripts/controllers/issue-904-markers-race.js
154 silly gunzTarPerm modified mode [ 'example/assets/scripts/controllers/issue-904-markers-race.js',
154 silly gunzTarPerm   436,
154 silly gunzTarPerm   420 ]
155 silly gunzTarPerm extractEntry example/assets/scripts/controllers/issue-432-markers-fit-clustering.js
156 silly gunzTarPerm extractEntry example/assets/scripts/controllers/issue-930-polylines-updates.js
157 silly gunzTarPerm extractEntry example/assets/scripts/controllers/issue-393-cluster-events-mapped.js
158 silly gunzTarPerm extractEntry example/assets/scripts/controllers/issue-946-markers-update.js
159 silly gunzTarPerm modified mode [ 'example/assets/scripts/controllers/issue-946-markers-update.js',
159 silly gunzTarPerm   436,
159 silly gunzTarPerm   420 ]
160 silly gunzTarPerm extractEntry example/assets/scripts/controllers/issue-382-window-windows-ng-show.js
161 silly gunzTarPerm extractEntry example/assets/scripts/controllers/issue-975.markerwlabel-customcoords.js
162 silly gunzTarPerm extractEntry example/assets/scripts/controllers/issue-371-polygon-ng-repeat.js
163 silly gunzTarPerm extractEntry example/assets/scripts/controllers/issue-978-window-not-open-not-transcluded-marker.js
164 silly gunzTarPerm modified mode [ 'example/assets/scripts/controllers/issue-978-window-not-open-not-transcluded-marker.js',
164 silly gunzTarPerm   436,
164 silly gunzTarPerm   420 ]
165 silly gunzTarPerm extractEntry example/assets/scripts/controllers/issue-354-window-windows-rerender-content.js
166 silly gunzTarPerm extractEntry example/assets/scripts/controllers/issue-979-polygons-race.js
167 silly gunzTarPerm extractEntry example/assets/scripts/controllers/issue-322.js
168 silly gunzTarPerm extractEntry example/assets/scripts/controllers/issue-979-polylines-race.js
169 silly gunzTarPerm extractEntry example/assets/scripts/controllers/issue-157-ng-click.js
170 silly gunzTarPerm extractEntry example/assets/scripts/controllers/issue-992-marker-disappear.js
171 silly gunzTarPerm modified mode [ 'example/assets/scripts/controllers/issue-992-marker-disappear.js',
171 silly gunzTarPerm   436,
171 silly gunzTarPerm   420 ]
172 silly gunzTarPerm extractEntry example/assets/scripts/controllers/issue-154-marker-fit.js
173 silly gunzTarPerm extractEntry example/assets/scripts/controllers/many-polygons.js
174 silly gunzTarPerm extractEntry example/assets/scripts/controllers/issue-1009-promise-async.js
175 silly gunzTarPerm extractEntry example/assets/scripts/controllers/many-polylines.js
176 silly gunzTarPerm extractEntry example/assets/scripts/controllers/hugedata.js
177 silly gunzTarPerm extractEntry example/assets/scripts/controllers/marker-anchor.js
178 silly gunzTarPerm extractEntry example/assets/scripts/controllers/geojson.js
179 silly gunzTarPerm extractEntry example/assets/scripts/controllers/overlay-map-type.js
180 silly gunzTarPerm extractEntry example/assets/scripts/controllers/free-draw-polygons.js
181 silly gunzTarPerm extractEntry example/assets/scripts/controllers/search-box.js
182 silly gunzTarPerm extractEntry example/assets/scripts/controllers/example.js
183 silly gunzTarPerm modified mode [ 'example/assets/scripts/controllers/example.js', 436, 420 ]
184 silly gunzTarPerm extractEntry example/assets/scripts/controllers/shapes-lines.js
185 silly gunzTarPerm extractEntry example/assets/scripts/controllers/issue-622-many-markers-destroy.js
186 silly gunzTarPerm extractEntry example/assets/scripts/controllers/two-maps.js
187 silly gunzTarPerm extractEntry example/assets/scripts/controllers/issue-624-drawing-manager.js
188 silly gunzTarPerm extractEntry example/assets/scripts/controllers/templates/info.js
189 silly gunzTarPerm extractEntry example/assets/scripts/mocks/heat-layer.js
190 silly gunzTarPerm extractEntry example/assets/stylesheets/dynamic-height.css
191 silly gunzTarPerm extractEntry example/assets/stylesheets/example.css
192 silly gunzTarPerm extractEntry example/assets/stylesheets/geojson.css
193 silly gunzTarPerm extractEntry example/assets/stylesheets/hugedata.css
194 silly gunzTarPerm extractEntry example/assets/stylesheets/many-maps.css
195 silly gunzTarPerm modified mode [ 'example/assets/stylesheets/many-maps.css', 436, 420 ]
196 silly gunzTarPerm extractEntry example/assets/stylesheets/search-box-example.css
197 silly gunzTarPerm extractEntry example/assets/templates/info.html
198 silly gunzTarPerm extractEntry example/assets/templates/issue-755-ng-router.html
199 silly gunzTarPerm extractEntry example/issue-622-many-markers-destroy.html
200 silly gunzTarPerm extractEntry example/issue-624-drawing-manager.html
201 silly gunzTarPerm extractEntry example/issue-654-marker-events-break-after-added.html
202 silly gunzTarPerm extractEntry example/issue-663-marker-events-once.html
203 silly gunzTarPerm extractEntry example/issue-686-window-options.html
204 silly gunzTarPerm extractEntry example/issue-725-polyline-dupes.html
205 silly gunzTarPerm extractEntry example/issue-728-windows-angular-1_3.html
206 silly gunzTarPerm extractEntry example/issue-74-markers-events.html
207 silly gunzTarPerm extractEntry example/issue-751-783-marker-coords-undefined-dragg.html
208 silly gunzTarPerm extractEntry example/issue-753-marker-not-watched.html
209 silly gunzTarPerm extractEntry example/issue-755-ng-router.html
210 silly gunzTarPerm extractEntry example/issue-772-info-window-show-state.html
211 silly gunzTarPerm extractEntry example/issue-798-markerclusterer-perf.html
212 silly gunzTarPerm extractEntry example/issue-816-multiple-maps-marker.html
213 silly gunzTarPerm modified mode [ 'example/issue-816-multiple-maps-marker.html', 436, 420 ]
214 silly gunzTarPerm extractEntry example/issue-904-markers-race.html
215 silly gunzTarPerm modified mode [ 'example/issue-904-markers-race.html', 436, 420 ]
216 silly gunzTarPerm extractEntry example/issue-930-polygons-updates.html
217 silly gunzTarPerm extractEntry example/issue-930-polylines-updates.html
218 silly gunzTarPerm extractEntry example/issue-946-markers-update.html
219 silly gunzTarPerm modified mode [ 'example/issue-946-markers-update.html', 436, 420 ]
220 silly gunzTarPerm extractEntry example/issue-975-markerwlabel-customcoords.html
221 silly gunzTarPerm extractEntry example/issue-978-window-not-open-not-transcluded-marker.html
222 silly gunzTarPerm modified mode [ 'example/issue-978-window-not-open-not-transcluded-marker.html',
222 silly gunzTarPerm   436,
222 silly gunzTarPerm   420 ]
223 silly gunzTarPerm extractEntry example/issue-979-polygons-race.html
224 silly gunzTarPerm modified mode [ 'example/issue-979-polygons-race.html', 436, 420 ]
225 silly gunzTarPerm extractEntry example/issue-979-polylines-race.html
226 silly gunzTarPerm extractEntry example/issue-992-marker-disappear.html
227 silly gunzTarPerm modified mode [ 'example/issue-992-marker-disappear.html', 436, 420 ]
228 silly gunzTarPerm extractEntry example/many-polygons.html
229 silly gunzTarPerm extractEntry example/many-polylines.html
230 silly gunzTarPerm extractEntry example/marker-anchor.html
231 silly gunzTarPerm extractEntry example/overlay-map-type.html
232 silly gunzTarPerm extractEntry example/search-box.html
233 silly gunzTarPerm extractEntry example/shapes-lines.html
234 silly gunzTarPerm extractEntry example/issue-621-owl.html
235 silly gunzTarPerm extractEntry grunt/curl-deps.coffee
236 silly gunzTarPerm extractEntry grunt/jasmine.coffee
237 silly gunzTarPerm extractEntry grunt/options.coffee
238 silly gunzTarPerm modified mode [ 'grunt/options.coffee', 436, 420 ]
239 silly gunzTarPerm extractEntry spec/coffee/bootstrap.coffee
240 silly gunzTarPerm extractEntry spec/coffee/directives/api/models/child/marker-child-model.spec.coffee
241 silly gunzTarPerm extractEntry spec/coffee/directives/api/models/child/window-child-model.spec.coffee
242 silly gunzTarPerm extractEntry spec/coffee/directives/api/models/parent/i-marker-parent.spec.coffee
243 silly gunzTarPerm extractEntry spec/coffee/directives/api/models/parent/layer-parent-model.spec.coffee
244 silly gunzTarPerm extractEntry spec/coffee/directives/api/models/parent/map-type-parent-model.spec.coffee
245 silly gunzTarPerm extractEntry spec/coffee/directives/api/models/parent/markers-parent-model.spec.coffee
246 silly gunzTarPerm extractEntry spec/coffee/directives/api/models/parent/markers-parent.spec.coffee
247 silly gunzTarPerm extractEntry spec/coffee/directives/api/models/parent/search-box-parent-model.spec.coffee
248 silly gunzTarPerm extractEntry spec/coffee/directives/api/models/parent/windows-parent.spec.coffee
249 silly gunzTarPerm extractEntry spec/coffee/directives/api/control.spec.coffee
250 silly gunzTarPerm extractEntry spec/coffee/directives/api/map.spec.coffee
251 silly gunzTarPerm extractEntry spec/coffee/directives/api/marker.spec.coffee
252 silly gunzTarPerm modified mode [ 'spec/coffee/directives/api/marker.spec.coffee', 436, 420 ]
253 silly gunzTarPerm extractEntry spec/coffee/directives/api/markers.spec.coffee
254 silly gunzTarPerm modified mode [ 'spec/coffee/directives/api/markers.spec.coffee', 436, 420 ]
255 silly gunzTarPerm extractEntry spec/coffee/directives/api/drag-zoom.spec.coffee
256 silly gunzTarPerm extractEntry spec/coffee/directives/api/options/marker-options.spec.coffee
257 silly gunzTarPerm extractEntry spec/coffee/directives/api/polygon.spec.coffee
258 silly gunzTarPerm extractEntry spec/coffee/directives/api/polyline.spec.coffee
259 silly gunzTarPerm extractEntry spec/coffee/directives/api/utils/_async.spec.coffee
260 silly gunzTarPerm modified mode [ 'spec/coffee/directives/api/utils/_async.spec.coffee',
260 silly gunzTarPerm   436,
260 silly gunzTarPerm   420 ]
261 silly gunzTarPerm extractEntry spec/coffee/directives/api/utils/base-object.spec.coffee
262 silly gunzTarPerm extractEntry spec/coffee/directives/api/utils/events-helper.spec.coffee
263 silly gunzTarPerm extractEntry spec/coffee/directives/api/utils/gmap-util.spec.coffee
264 silly gunzTarPerm extractEntry spec/coffee/directives/api/utils/model-key.spec.coffee
265 silly gunzTarPerm modified mode [ 'spec/coffee/directives/api/utils/model-key.spec.coffee',
265 silly gunzTarPerm   436,
265 silly gunzTarPerm   420 ]
266 silly gunzTarPerm extractEntry spec/coffee/directives/api/utils/promise.spec.coffee
267 silly gunzTarPerm extractEntry spec/coffee/directives/api/utils/prop-map.spec.coffee
268 silly gunzTarPerm extractEntry spec/coffee/directives/api/window.spec.coffee
269 silly gunzTarPerm extractEntry spec/coffee/helpers/google-api-mock.coffee
270 silly gunzTarPerm extractEntry spec/coffee/helpers/google-map-spec-controller.coffee
271 silly gunzTarPerm extractEntry spec/coffee/helpers/helper.mockEvents.spec.coffee
272 silly gunzTarPerm extractEntry spec/coffee/helpers/helper.polyline.spec.coffee
273 silly gunzTarPerm extractEntry spec/coffee/helpers/initiator.coffee
274 silly gunzTarPerm extractEntry spec/coffee/providers/google-map-api-provider.spec.coffee
275 silly gunzTarPerm extractEntry spec/coffee/usage/underscore.difference.spec.coffee
276 silly gunzTarPerm extractEntry spec/coffee/usage/underscore.indexOfObject.spec.coffee
277 silly gunzTarPerm extractEntry spec/coffee/usage/underscore.intersection.spec.coffee
278 silly gunzTarPerm extractEntry spec/coffee/usage/underscore.isEqual.spec.coffee
279 silly gunzTarPerm extractEntry spec/js/.keep
280 silly gunzTarPerm extractEntry src/coffee/directives/marker.coffee
281 silly gunzTarPerm extractEntry src/coffee/directives/api/map.coffee
282 silly gunzTarPerm extractEntry src/coffee/directives/api/circle.coffee
283 silly gunzTarPerm extractEntry src/coffee/directives/api/drag-zoom.coffee
284 silly gunzTarPerm extractEntry src/coffee/directives/api/drawing-manager.coffee
285 silly gunzTarPerm extractEntry src/coffee/directives/api/free-draw-polygons.coffee
286 silly gunzTarPerm modified mode [ 'src/coffee/directives/api/free-draw-polygons.coffee',
286 silly gunzTarPerm   436,
286 silly gunzTarPerm   420 ]
287 silly gunzTarPerm extractEntry src/coffee/directives/api/i-circle.coffee
288 silly gunzTarPerm extractEntry src/coffee/directives/api/i-control.coffee
289 silly gunzTarPerm extractEntry src/coffee/directives/api/i-drawing-manager.coffee
290 silly gunzTarPerm extractEntry src/coffee/directives/api/i-marker.coffee
291 silly gunzTarPerm modified mode [ 'src/coffee/directives/api/i-marker.coffee', 436, 420 ]
292 silly gunzTarPerm extractEntry src/coffee/directives/api/i-polygon.coffee
293 silly gunzTarPerm extractEntry src/coffee/directives/api/i-polyline.coffee
294 silly gunzTarPerm extractEntry src/coffee/directives/api/i-rectangle.coffee
295 silly gunzTarPerm extractEntry src/coffee/directives/api/i-window.coffee
296 silly gunzTarPerm modified mode [ 'src/coffee/directives/api/i-window.coffee', 436, 420 ]
297 silly gunzTarPerm extractEntry src/coffee/directives/api/managers/clusterer-marker-manager.coffee
298 silly gunzTarPerm modified mode [ 'src/coffee/directives/api/managers/clusterer-marker-manager.coffee',
298 silly gunzTarPerm   436,
298 silly gunzTarPerm   420 ]
299 silly gunzTarPerm extractEntry src/coffee/directives/api/managers/marker-manager.coffee
300 silly gunzTarPerm extractEntry src/coffee/directives/api/control.coffee
301 silly gunzTarPerm extractEntry src/coffee/directives/api/marker.coffee
302 silly gunzTarPerm modified mode [ 'src/coffee/directives/api/marker.coffee', 436, 420 ]
303 silly gunzTarPerm extractEntry src/coffee/directives/api/markers.coffee
304 silly gunzTarPerm modified mode [ 'src/coffee/directives/api/markers.coffee', 436, 420 ]
305 silly gunzTarPerm extractEntry src/coffee/directives/api/models/child/base-poly-child-model.coffee
306 silly gunzTarPerm extractEntry src/coffee/directives/api/models/child/free-draw-polygons-child.coffee
307 silly gunzTarPerm modified mode [ 'src/coffee/directives/api/models/child/free-draw-polygons-child.coffee',
307 silly gunzTarPerm   436,
307 silly gunzTarPerm   420 ]
308 silly gunzTarPerm extractEntry src/coffee/directives/api/models/child/marker-child-model.coffee
309 silly gunzTarPerm modified mode [ 'src/coffee/directives/api/models/child/marker-child-model.coffee',
309 silly gunzTarPerm   436,
309 silly gunzTarPerm   420 ]
310 silly gunzTarPerm extractEntry src/coffee/directives/api/models/child/polygon-child-model.coffee
311 silly gunzTarPerm extractEntry src/coffee/directives/api/models/child/polyline-child-model.coffee
312 silly gunzTarPerm extractEntry src/coffee/directives/api/models/child/window-child-model.coffee
313 silly gunzTarPerm extractEntry src/coffee/directives/api/models/parent/markers-parent-model.coffee
314 silly gunzTarPerm modified mode [ 'src/coffee/directives/api/models/parent/markers-parent-model.coffee',
314 silly gunzTarPerm   436,
314 silly gunzTarPerm   420 ]
315 silly gunzTarPerm extractEntry src/coffee/directives/api/models/parent/circle-parent-mode.coffee
316 silly gunzTarPerm extractEntry src/coffee/directives/api/models/parent/i-marker-parent-model.coffee
317 silly gunzTarPerm extractEntry src/coffee/directives/api/models/parent/i-window-parent-model.coffee
318 silly gunzTarPerm extractEntry src/coffee/directives/api/models/parent/layer-parent-model.coffee
319 silly gunzTarPerm extractEntry src/coffee/directives/api/models/parent/map-type-parent-model.coffee
320 silly gunzTarPerm extractEntry src/coffee/directives/api/models/parent/drawing-manager-parent-model.coffee
321 silly gunzTarPerm extractEntry src/coffee/directives/api/models/parent/polygons-parent-model.coffee
322 silly gunzTarPerm modified mode [ 'src/coffee/directives/api/models/parent/polygons-parent-model.coffee',
322 silly gunzTarPerm   436,
322 silly gunzTarPerm   420 ]
323 silly gunzTarPerm extractEntry src/coffee/directives/api/models/parent/polylines-parent-model.coffee
324 silly gunzTarPerm modified mode [ 'src/coffee/directives/api/models/parent/polylines-parent-model.coffee',
324 silly gunzTarPerm   436,
324 silly gunzTarPerm   420 ]
325 silly gunzTarPerm extractEntry src/coffee/directives/api/models/parent/rectangle-parent-model.coffee
326 silly gunzTarPerm extractEntry src/coffee/directives/api/models/parent/search-box-parent-model.coffee
327 silly gunzTarPerm extractEntry src/coffee/directives/api/models/parent/windows-parent-model.coffee
328 silly gunzTarPerm modified mode [ 'src/coffee/directives/api/models/parent/windows-parent-model.coffee',
328 silly gunzTarPerm   436,
328 silly gunzTarPerm   420 ]
329 silly gunzTarPerm extractEntry src/coffee/directives/api/options/builders/common-options-builder.coffee
330 silly gunzTarPerm extractEntry src/coffee/directives/api/options/builders/options-builders.coffee
331 silly gunzTarPerm extractEntry src/coffee/directives/api/options/marker-options.coffee
332 silly gunzTarPerm extractEntry src/coffee/directives/api/plural.coffee
333 silly gunzTarPerm modified mode [ 'src/coffee/directives/api/plural.coffee', 436, 420 ]
334 silly gunzTarPerm extractEntry src/coffee/directives/api/polygon.coffee
335 silly gunzTarPerm extractEntry src/coffee/directives/api/polygons.coffee
336 silly gunzTarPerm modified mode [ 'src/coffee/directives/api/polygons.coffee', 436, 420 ]
337 silly gunzTarPerm extractEntry src/coffee/directives/api/polyline.coffee
338 silly gunzTarPerm extractEntry src/coffee/directives/api/polylines.coffee
339 silly gunzTarPerm extractEntry src/coffee/directives/api/rectangle.coffee
340 silly gunzTarPerm extractEntry src/coffee/directives/api/utils/is-ready.coffee
341 silly gunzTarPerm extractEntry src/coffee/directives/api/utils/_async.coffee
342 silly gunzTarPerm modified mode [ 'src/coffee/directives/api/utils/_async.coffee', 436, 420 ]
343 silly gunzTarPerm extractEntry src/coffee/directives/api/utils/child-events.coffee
344 silly gunzTarPerm extractEntry src/coffee/directives/api/utils/ctrl-handle.coffee
345 silly gunzTarPerm extractEntry src/coffee/directives/api/utils/events-helper.coffee
346 silly gunzTarPerm extractEntry src/coffee/directives/api/utils/fit-helper.coffee
347 silly gunzTarPerm extractEntry src/coffee/directives/api/utils/gmap-util.coffee
348 silly gunzTarPerm extractEntry src/coffee/directives/api/utils/base-object.coffee
349 silly gunzTarPerm extractEntry src/coffee/directives/api/utils/linked.coffee
350 silly gunzTarPerm extractEntry src/coffee/directives/api/utils/logger.coffee
351 silly gunzTarPerm extractEntry src/coffee/directives/api/utils/model-key.coffee
352 silly gunzTarPerm modified mode [ 'src/coffee/directives/api/utils/model-key.coffee', 436, 420 ]
353 silly gunzTarPerm extractEntry src/coffee/directives/api/utils/models-watcher.coffee
354 silly gunzTarPerm modified mode [ 'src/coffee/directives/api/utils/models-watcher.coffee',
354 silly gunzTarPerm   436,
354 silly gunzTarPerm   420 ]
355 silly gunzTarPerm extractEntry src/coffee/directives/api/utils/promise.coffee
356 silly gunzTarPerm extractEntry src/coffee/directives/api/utils/prop-map.coffee
357 silly gunzTarPerm extractEntry src/coffee/directives/api/utils/property-action.coffee
358 silly gunzTarPerm extractEntry src/coffee/directives/api/window.coffee
359 silly gunzTarPerm modified mode [ 'src/coffee/directives/api/window.coffee', 436, 420 ]
360 silly gunzTarPerm extractEntry src/coffee/directives/api/windows.coffee
361 silly gunzTarPerm modified mode [ 'src/coffee/directives/api/windows.coffee', 436, 420 ]
362 silly gunzTarPerm extractEntry src/coffee/directives/control.coffee
363 silly gunzTarPerm extractEntry src/coffee/directives/controllers/polyline-display.coffee
364 silly gunzTarPerm extractEntry src/coffee/directives/drag-zoom.coffee
365 silly gunzTarPerm extractEntry src/coffee/directives/drawing-manager.coffee
366 silly gunzTarPerm extractEntry src/coffee/directives/free-draw-polygons.coffee
367 silly gunzTarPerm extractEntry src/coffee/directives/layer.coffee
368 silly gunzTarPerm extractEntry src/coffee/directives/map-type.coffee
369 silly gunzTarPerm extractEntry src/coffee/directives/map.coffee
370 silly gunzTarPerm extractEntry src/coffee/directives/circle.coffee
371 silly gunzTarPerm extractEntry src/coffee/directives/markers.coffee
372 silly gunzTarPerm extractEntry src/coffee/directives/polygon.coffee
373 silly gunzTarPerm extractEntry src/coffee/directives/polygons.coffee
374 silly gunzTarPerm extractEntry src/coffee/directives/polyline.coffee
375 silly gunzTarPerm extractEntry src/coffee/directives/polylines.coffee
376 silly gunzTarPerm extractEntry src/coffee/directives/rectangle.coffee
377 silly gunzTarPerm extractEntry src/coffee/directives/search-box.coffee
378 silly gunzTarPerm extractEntry src/coffee/directives/window.coffee
379 silly gunzTarPerm extractEntry src/coffee/directives/windows.coffee
380 silly gunzTarPerm extractEntry src/coffee/extensions/google.maps.coffee
381 silly gunzTarPerm extractEntry src/coffee/extensions/lodash.coffee
382 silly gunzTarPerm extractEntry src/coffee/extensions/string.coffee
383 silly gunzTarPerm extractEntry src/coffee/module.coffee
384 silly gunzTarPerm extractEntry src/coffee/providers/map-loader.coffee
385 silly gunzTarPerm extractEntry src/coffee/utils/add-events.coffee
386 silly gunzTarPerm extractEntry src/coffee/utils/array-sync.coffee
387 silly gunzTarPerm extractEntry src/coffee/utils/chrome-fixes.coffee
388 silly gunzTarPerm extractEntry src/js/.gitkeep
389 silly gunzTarPerm extractEntry src/js/directives/.gitkeep
390 silly gunzTarPerm extractEntry src/js/directives/api/managers/.gitkeep
391 silly gunzTarPerm extractEntry src/js/directives/api/models/.gitkeep
392 silly gunzTarPerm extractEntry src/js/directives/api/utils/.gitkeep
393 silly gunzTarPerm extractEntry src/js/extensions/markerclusterer.js
394 silly gunzTarPerm extractEntry src/js/wrapped/google-maps-util-v3.js
395 silly gunzTarPerm extractEntry src/js/wrapped/uuid.core.js
396 silly gunzTarPerm extractEntry src/js/wrapped/webpack/data-structures.js
397 silly gunzTarPerm extractEntry website_libs/dev_deps.js
398 silly gunzTarPerm modified mode [ 'website_libs/dev_deps.js', 436, 420 ]
399 info preinstall angular-google-maps@2.0.12
400 silly install resolved []
401 verbose about to build /Users/ihorkroosh/Projects/python/mootrend-frontend/node_modules/angular-google-maps
402 info build /Users/ihorkroosh/Projects/python/mootrend-frontend/node_modules/angular-google-maps
403 verbose linkStuff [ false,
403 verbose linkStuff   false,
403 verbose linkStuff   false,
403 verbose linkStuff   '/Users/ihorkroosh/Projects/python/mootrend-frontend/node_modules' ]
404 info linkStuff angular-google-maps@2.0.12
405 verbose linkBins angular-google-maps@2.0.12
406 verbose linkMans angular-google-maps@2.0.12
407 verbose rebuildBundles angular-google-maps@2.0.12
408 info install angular-google-maps@2.0.12
409 info postinstall angular-google-maps@2.0.12
410 verbose unsafe-perm in lifecycle true
411 info angular-google-maps@2.0.12 Failed to exec postinstall script
412 verbose unlock done using /Users/ihorkroosh/.npm/_locks/angular-google-maps-a27e1e4e73edcc9b.lock for /Users/ihorkroosh/Projects/python/mootrend-frontend/node_modules/angular-google-maps
413 verbose stack Error: angular-google-maps@2.0.12 postinstall: `bower install && grunt curl`
413 verbose stack Exit status 99
413 verbose stack     at EventEmitter.<anonymous> (/usr/local/lib/node_modules/npm/lib/utils/lifecycle.js:213:16)
413 verbose stack     at EventEmitter.emit (events.js:98:17)
413 verbose stack     at ChildProcess.<anonymous> (/usr/local/lib/node_modules/npm/lib/utils/spawn.js:14:12)
413 verbose stack     at ChildProcess.emit (events.js:98:17)
413 verbose stack     at maybeClose (child_process.js:766:16)
413 verbose stack     at Process.ChildProcess._handle.onexit (child_process.js:833:5)
414 verbose pkgid angular-google-maps@2.0.12
415 verbose cwd /Users/ihorkroosh/Projects/python/mootrend-frontend
416 error Darwin 14.1.0
417 error argv "node" "/usr/local/bin/npm" "install" "angular-google-maps" "--save"
418 error node v0.10.35
419 error npm  v2.3.0
420 error code ELIFECYCLE
421 error angular-google-maps@2.0.12 postinstall: `bower install && grunt curl`
421 error Exit status 99
422 error Failed at the angular-google-maps@2.0.12 postinstall script 'bower install && grunt curl'.
422 error This is most likely a problem with the angular-google-maps package,
422 error not with npm itself.
422 error Tell the author that this fails on your system:
422 error     bower install && grunt curl
422 error You can get their info via:
422 error     npm owner ls angular-google-maps
422 error There is likely additional logging output above.
423 verbose exit [ 1, true ]
424 verbose unbuild node_modules/angular-google-maps
425 info preuninstall angular-google-maps@2.0.12
426 info uninstall angular-google-maps@2.0.12
427 verbose unbuild rmStuff angular-google-maps@2.0.12 from /Users/ihorkroosh/Projects/python/mootrend-frontend/node_modules
428 info postuninstall angular-google-maps@2.0.12
429 verbose gentlyRm vacuuming /Users/ihorkroosh/Projects/python/mootrend-frontend/node_modules/angular-google-maps
430 silly gentlyRm purging /Users/ihorkroosh/Projects/python/mootrend-frontend/node_modules/angular-google-maps
431 silly gentlyRm quitting because other entries in /Users/ihorkroosh/Projects/python/mootrend-frontend/node_modules
